This is pdfTeX, Version 3.14159265-2.6-1.40.17 (MiKTeX 2.9 64-bit) (preloaded format=pdflatex 2016.10.20)  30 JAN 2017 15:05
entering extended mode
**"./Informe terminado.tex"
("Informe terminado.tex"
LaTeX2e <2016/03/31> patch level 3
Babel <3.9r> and hyphenation patterns for 75 language(s) loaded.
("C:\Program Files\MiKTeX 2.9\tex\latex\base\article.cls"
Document Class: article 2014/09/29 v1.4h Standard LaTeX document class
("C:\Program Files\MiKTeX 2.9\tex\latex\base\size12.clo"
File: size12.clo 2014/09/29 v1.4h Standard LaTeX file (size option)
)
\c@part=\count79
\c@section=\count80
\c@subsection=\count81
\c@subsubsection=\count82
\c@paragraph=\count83
\c@subparagraph=\count84
\c@figure=\count85
\c@table=\count86
\abovecaptionskip=\skip41
\belowcaptionskip=\skip42
\bibindent=\dimen102
)
("C:\Program Files\MiKTeX 2.9\tex\latex\base\inputenc.sty"
Package: inputenc 2015/03/17 v1.2c Input encoding file
\inpenc@prehook=\toks14
\inpenc@posthook=\toks15

("C:\Program Files\MiKTeX 2.9\tex\latex\base\latin1.def"
File: latin1.def 2015/03/17 v1.2c Input encoding file
))
("C:\Program Files\MiKTeX 2.9\tex\generic\babel\babel.sty"
Package: babel 2016/04/23 3.9r The Babel package

*************************************
* Local config file bblopts.cfg used
*
("C:\Program Files\MiKTeX 2.9\tex\latex\arabi\bblopts.cfg"
File: bblopts.cfg 2005/09/08 v0.1 add Arabic and Farsi to "declared" options of
 babel
)
("C:\Program Files\MiKTeX 2.9\tex\latex\babel-spanish\spanish.ldf"
Language: spanish.ldf 2016/03/03 v5.0p Spanish support from the babel system

("C:\Program Files\MiKTeX 2.9\tex\generic\babel\babel.def"
File: babel.def 2016/04/23 3.9r Babel common definitions
\babel@savecnt=\count87
\U@D=\dimen103
)
\es@quottoks=\toks16
\es@quotdepth=\count88
Package babel Info: Making " an active character on input line 561.
Package babel Info: Making . an active character on input line 662.
Package babel Info: Making < an active character on input line 707.
Package babel Info: Making > an active character on input line 707.
))
("C:\Program Files\MiKTeX 2.9\tex\latex\amsmath\amsmath.sty"
Package: amsmath 2016/06/28 v2.15d AMS math features
\@mathmargin=\skip43

For additional information on amsmath, use the `?' option.
("C:\Program Files\MiKTeX 2.9\tex\latex\amsmath\amstext.sty"
Package: amstext 2000/06/29 v2.01 AMS text

("C:\Program Files\MiKTeX 2.9\tex\latex\amsmath\amsgen.sty"
File: amsgen.sty 1999/11/30 v2.0 generic functions
\@emptytoks=\toks17
\ex@=\dimen104
))
("C:\Program Files\MiKTeX 2.9\tex\latex\amsmath\amsbsy.sty"
Package: amsbsy 1999/11/29 v1.2d Bold Symbols
\pmbraise@=\dimen105
)
("C:\Program Files\MiKTeX 2.9\tex\latex\amsmath\amsopn.sty"
Package: amsopn 2016/03/08 v2.02 operator names
)
\inf@bad=\count89
LaTeX Info: Redefining \frac on input line 199.
\uproot@=\count90
\leftroot@=\count91
LaTeX Info: Redefining \overline on input line 297.
\classnum@=\count92
\DOTSCASE@=\count93
LaTeX Info: Redefining \ldots on input line 394.
LaTeX Info: Redefining \dots on input line 397.
LaTeX Info: Redefining \cdots on input line 518.
\Mathstrutbox@=\box26
\strutbox@=\box27
\big@size=\dimen106
LaTeX Font Info:    Redeclaring font encoding OML on input line 634.
LaTeX Font Info:    Redeclaring font encoding OMS on input line 635.
\macc@depth=\count94
\c@MaxMatrixCols=\count95
\dotsspace@=\muskip10
\c@parentequation=\count96
\dspbrk@lvl=\count97
\tag@help=\toks18
\row@=\count98
\column@=\count99
\maxfields@=\count100
\andhelp@=\toks19
\eqnshift@=\dimen107
\alignsep@=\dimen108
\tagshift@=\dimen109
\tagwidth@=\dimen110
\totwidth@=\dimen111
\lineht@=\dimen112
\@envbody=\toks20
\multlinegap=\skip44
\multlinetaggap=\skip45
\mathdisplay@stack=\toks21
LaTeX Info: Redefining \[ on input line 2739.
LaTeX Info: Redefining \] on input line 2740.
)
("C:\Program Files\MiKTeX 2.9\tex\latex\amsfonts\amsfonts.sty"
Package: amsfonts 2013/01/14 v3.01 Basic AMSFonts support
\symAMSa=\mathgroup4
\symAMSb=\mathgroup5
LaTeX Font Info:    Overwriting math alphabet `\mathfrak' in version `bold'
(Font)                  U/euf/m/n --> U/euf/b/n on input line 106.
)
("C:\Program Files\MiKTeX 2.9\tex\latex\amsfonts\amssymb.sty"
Package: amssymb 2013/01/14 v3.01 AMS font symbols
)
("C:\Program Files\MiKTeX 2.9\tex\latex\graphics\graphicx.sty"
Package: graphicx 2014/10/28 v1.0g Enhanced LaTeX Graphics (DPC,SPQR)

("C:\Program Files\MiKTeX 2.9\tex\latex\graphics\keyval.sty"
Package: keyval 2014/10/28 v1.15 key=value parser (DPC)
\KV@toks@=\toks22
)
("C:\Program Files\MiKTeX 2.9\tex\latex\graphics\graphics.sty"
Package: graphics 2016/07/10 v1.0t Standard LaTeX Graphics (DPC,SPQR)

("C:\Program Files\MiKTeX 2.9\tex\latex\graphics\trig.sty"
Package: trig 2016/01/03 v1.10 sin cos tan (DPC)
)
("C:\Program Files\MiKTeX 2.9\tex\latex\00miktex\graphics.cfg"
File: graphics.cfg 2016/06/04 v1.11 sample graphics configuration
)
Package graphics Info: Driver file: pdftex.def on input line 99.

("C:\Program Files\MiKTeX 2.9\tex\latex\graphics-def\pdftex.def"
File: pdftex.def 2016/07/10 v0.06j Graphics/color for pdfTeX

("C:\Program Files\MiKTeX 2.9\tex\generic\oberdiek\infwarerr.sty"
Package: infwarerr 2016/05/16 v1.4 Providing info/warning/error messages (HO)
)
("C:\Program Files\MiKTeX 2.9\tex\generic\oberdiek\ltxcmds.sty"
Package: ltxcmds 2016/05/16 v1.23 LaTeX kernel commands for general use (HO)
)
\Gread@gobject=\count101
))
\Gin@req@height=\dimen113
\Gin@req@width=\dimen114
)
("C:\Program Files\MiKTeX 2.9\tex\latex\geometry\geometry.sty"
Package: geometry 2010/09/12 v5.6 Page Geometry

("C:\Program Files\MiKTeX 2.9\tex\generic\oberdiek\ifpdf.sty"
Package: ifpdf 2016/05/14 v3.1 Provides the ifpdf switch
)
("C:\Program Files\MiKTeX 2.9\tex\generic\oberdiek\ifvtex.sty"
Package: ifvtex 2016/05/16 v1.6 Detect VTeX and its facilities (HO)
Package ifvtex Info: VTeX not detected.
)
("C:\Program Files\MiKTeX 2.9\tex\generic\ifxetex\ifxetex.sty"
Package: ifxetex 2010/09/12 v0.6 Provides ifxetex conditional
)
\Gm@cnth=\count102
\Gm@cntv=\count103
\c@Gm@tempcnt=\count104
\Gm@bindingoffset=\dimen115
\Gm@wd@mp=\dimen116
\Gm@odd@mp=\dimen117
\Gm@even@mp=\dimen118
\Gm@layoutwidth=\dimen119
\Gm@layoutheight=\dimen120
\Gm@layouthoffset=\dimen121
\Gm@layoutvoffset=\dimen122
\Gm@dimlist=\toks23

("C:\Program Files\MiKTeX 2.9\tex\latex\geometry\geometry.cfg"))
("Informe terminado.aux"
LaTeX Info: Redefining \. on input line 6.
LaTeX Info: Redefining \% on input line 6.
)
\openout1 = `"Informe terminado.aux"'.

LaTeX Font Info:    Checking defaults for OML/cmm/m/it on input line 12.
LaTeX Font Info:    ... okay on input line 12.
LaTeX Font Info:    Checking defaults for T1/cmr/m/n on input line 12.
LaTeX Font Info:    ... okay on input line 12.
LaTeX Font Info:    Checking defaults for OT1/cmr/m/n on input line 12.
LaTeX Font Info:    ... okay on input line 12.
LaTeX Font Info:    Checking defaults for OMS/cmsy/m/n on input line 12.
LaTeX Font Info:    ... okay on input line 12.
LaTeX Font Info:    Checking defaults for OMX/cmex/m/n on input line 12.
LaTeX Font Info:    ... okay on input line 12.
LaTeX Font Info:    Checking defaults for U/cmr/m/n on input line 12.
LaTeX Font Info:    ... okay on input line 12.
LaTeX Info: Redefining \. on input line 12.
LaTeX Info: Redefining \% on input line 12.

("C:\Program Files\MiKTeX 2.9\tex\generic\oberdiek\pdftexcmds.sty"
Package: pdftexcmds 2016/05/21 v0.22 Utility functions of pdfTeX for LuaTeX (HO
)

("C:\Program Files\MiKTeX 2.9\tex\generic\oberdiek\ifluatex.sty"
Package: ifluatex 2016/05/16 v1.4 Provides the ifluatex switch (HO)
Package ifluatex Info: LuaTeX not detected.
)
Package pdftexcmds Info: LuaTeX not detected.
Package pdftexcmds Info: \pdf@primitive is available.
Package pdftexcmds Info: \pdf@ifprimitive is available.
Package pdftexcmds Info: \pdfdraftmode found.
)
("C:\Program Files\MiKTeX 2.9\tex\latex\oberdiek\epstopdf-base.sty"
Package: epstopdf-base 2016/05/15 v2.6 Base part for package epstopdf

("C:\Program Files\MiKTeX 2.9\tex\latex\oberdiek\grfext.sty"
Package: grfext 2016/05/16 v1.2 Manage graphics extensions (HO)

("C:\Program Files\MiKTeX 2.9\tex\generic\oberdiek\kvdefinekeys.sty"
Package: kvdefinekeys 2016/05/16 v1.4 Define keys (HO)
))
("C:\Program Files\MiKTeX 2.9\tex\latex\oberdiek\kvoptions.sty"
Package: kvoptions 2016/05/16 v3.12 Key value format for package options (HO)

("C:\Program Files\MiKTeX 2.9\tex\generic\oberdiek\kvsetkeys.sty"
Package: kvsetkeys 2016/05/16 v1.17 Key value parser (HO)

("C:\Program Files\MiKTeX 2.9\tex\generic\oberdiek\etexcmds.sty"
Package: etexcmds 2016/05/16 v1.6 Avoid name clashes with e-TeX commands (HO)
Package etexcmds Info: Could not find \expanded.
(etexcmds)             That can mean that you are not using pdfTeX 1.50 or
(etexcmds)             that some package has redefined \expanded.
(etexcmds)             In the latter case, load this package earlier.
)))
Package epstopdf-base Info: Redefining graphics rule for `.eps' on input line 4
38.
Package grfext Info: Graphics extension search list:
(grfext)             [.png,.pdf,.jpg,.mps,.jpeg,.jbig2,.jb2,.PNG,.PDF,.JPG,.JPE
G,.JBIG2,.JB2,.eps]
(grfext)             \AppendGraphicsExtensions on input line 456.
)
*geometry* driver: auto-detecting
*geometry* detected driver: pdftex
*geometry* verbose mode - [ preamble ] result:
* driver: pdftex
* paper: a4paper
* layout: <same size as paper>
* layoutoffset:(h,v)=(0.0pt,0.0pt)
* modes: 
* h-part:(L,W,R)=(85.35826pt, 426.79135pt, 85.35826pt)
* v-part:(T,H,B)=(56.9055pt, 731.23584pt, 56.9055pt)
* \paperwidth=597.50787pt
* \paperheight=845.04684pt
* \textwidth=426.79135pt
* \textheight=731.23584pt
* \oddsidemargin=13.08827pt
* \evensidemargin=13.08827pt
* \topmargin=-52.36449pt
* \headheight=12.0pt
* \headsep=25.0pt
* \topskip=12.0pt
* \footskip=30.0pt
* \marginparwidth=35.0pt
* \marginparsep=10.0pt
* \columnsep=10.0pt
* \skip\footins=10.8pt plus 4.0pt minus 2.0pt
* \hoffset=0.0pt
* \voffset=0.0pt
* \mag=1000
* \@twocolumnfalse
* \@twosidefalse
* \@mparswitchfalse
* \@reversemarginfalse
* (1in=72.27pt=25.4mm, 1cm=28.453pt)


</Users/Usuario/Desktop/Informe/Informe/LogoUteq.png, id=1, 588.7596pt x 680.78
34pt>
File: /Users/Usuario/Desktop/Informe/Informe/LogoUteq.png Graphic file (type pn
g)
 <use /Users/Usuario/Desktop/Informe/Informe/LogoUteq.png>
Package pdftex.def Info: /Users/Usuario/Desktop/Informe/Informe/LogoUteq.png us
ed on input line 19.
(pdftex.def)             Requested size: 227.62204pt x 263.19833pt.
 [1

{C:/ProgramData/MiKTeX/2.9/pdftex/config/pdftex.map} </Users/Usuario/Desktop/In
forme/Informe/LogoUteq.png>]
Underfull \hbox (badness 10000) in paragraph at lines 59--80

 []

[1]
Underfull \hbox (badness 10000) in paragraph at lines 88--105

 []


Underfull \hbox (badness 10000) in paragraph at lines 88--105

 []


Underfull \hbox (badness 10000) in paragraph at lines 88--105

 []


Underfull \hbox (badness 10000) in paragraph at lines 88--105

 []

[1]
Underfull \hbox (badness 10000) in paragraph at lines 109--116

 []

[2]
Underfull \hbox (badness 10000) in paragraph at lines 129--130

 []


Underfull \hbox (badness 10000) in paragraph at lines 129--130

 []


Underfull \hbox (badness 10000) in paragraph at lines 132--133

 []


Underfull \hbox (badness 10000) in paragraph at lines 132--133

 []


Underfull \hbox (badness 10000) in paragraph at lines 134--135

 []


Underfull \hbox (badness 10000) in paragraph at lines 134--135

 []

[3]
Underfull \hbox (badness 10000) in paragraph at lines 143--154

 []


Underfull \hbox (badness 10000) in paragraph at lines 143--154

 []


Underfull \hbox (badness 10000) in paragraph at lines 163--166

 []


Underfull \hbox (badness 10000) in paragraph at lines 163--166

 []


Underfull \hbox (badness 10000) in paragraph at lines 163--166

 []


Underfull \hbox (badness 10000) in paragraph at lines 163--166

 []


Underfull \hbox (badness 10000) in paragraph at lines 167--173

 []


Underfull \hbox (badness 10000) in paragraph at lines 167--173

 []


Underfull \hbox (badness 10000) in paragraph at lines 167--173

 []


Underfull \hbox (badness 10000) in paragraph at lines 167--173

 []


Underfull \hbox (badness 10000) in paragraph at lines 167--173

 []


Underfull \hbox (badness 10000) in paragraph at lines 167--173

 []


Underfull \hbox (badness 10000) in paragraph at lines 167--173

 []

[4]
Underfull \hbox (badness 10000) in paragraph at lines 177--178

 []


Underfull \hbox (badness 10000) in paragraph at lines 177--178

 []


Underfull \hbox (badness 10000) in paragraph at lines 179--185

 []


Underfull \hbox (badness 10000) in paragraph at lines 179--185

 []


Underfull \hbox (badness 10000) in paragraph at lines 179--185

 []


Underfull \hbox (badness 10000) in paragraph at lines 179--185

 []


Underfull \hbox (badness 10000) in paragraph at lines 179--185

 []


Underfull \hbox (badness 10000) in paragraph at lines 179--185

 []


Overfull \hbox (19.4082pt too wide) in paragraph at lines 179--185
\OT1/cmr/bx/n/14.4 Renzo Co-cha, Sa-la-zar Je-sus, Zam-brano Jordy (Scrum Team)
:\OT1/cmr/m/n/14.4 Son
 []

[5] [6]
Overfull \hbox (17.83865pt too wide) in paragraph at lines 187--191
[]\OT1/cmr/bx/n/14.4 4.3. ETA-PA III. FUN-CIO-NA-LI-DA-DES Y CA-RAC-TER[]ISTI-
 []


Underfull \hbox (badness 10000) in paragraph at lines 187--191

 []


Underfull \hbox (badness 10000) in paragraph at lines 187--191

 []


Underfull \hbox (badness 10000) in paragraph at lines 187--191

 []


Underfull \hbox (badness 10000) in paragraph at lines 187--191

 []


Underfull \hbox (badness 10000) in paragraph at lines 187--191

 []


</Users/Usuario/Desktop/Informe/Informe/help/ppp.png, id=32, 569.12625pt x 382.
42876pt>
File: /Users/Usuario/Desktop/Informe/Informe/help/ppp.png Graphic file (type pn
g)
 <use /Users/Usuario/Desktop/Informe/Informe/help/ppp.png>
Package pdftex.def Info: /Users/Usuario/Desktop/Informe/Informe/help/ppp.png us
ed on input line 194.
(pdftex.def)             Requested size: 227.62204pt x 152.95128pt.

Underfull \hbox (badness 10000) in paragraph at lines 198--200

 []


Underfull \hbox (badness 10000) in paragraph at lines 198--200

 []


Underfull \hbox (badness 10000) in paragraph at lines 198--200

 []


</Users/Usuario/Desktop/Informe/Informe/help/presentacion.png, id=33, 298.86656
pt x 227.34938pt>
File: /Users/Usuario/Desktop/Informe/Informe/help/presentacion.png Graphic file
 (type png)

<use /Users/Usuario/Desktop/Informe/Informe/help/presentacion.png>
Package pdftex.def Info: /Users/Usuario/Desktop/Informe/Informe/help/presentaci
on.png used on input line 203.
(pdftex.def)             Requested size: 227.62204pt x 173.15503pt.

</Users/Usuario/Desktop/Informe/Informe/help/aa.png, id=34, 322.20375pt x 272.5
1813pt>
File: /Users/Usuario/Desktop/Informe/Informe/help/aa.png Graphic file (type png
)
 <use /Users/Usuario/Desktop/Informe/Informe/help/aa.png>
Package pdftex.def Info: /Users/Usuario/Desktop/Informe/Informe/help/aa.png use
d on input line 210.
(pdftex.def)             Requested size: 227.62204pt x 192.52866pt.
 [7 </Users/Usuario/Desktop/Informe/Informe/help/ppp.png>] [8 </Users/Usuario/D
esktop/Informe/Informe/help/presentacion.png> </Users/Usuario/Desktop/Informe/I
nforme/help/aa.png>]
</Users/Usuario/Desktop/Informe/Informe/help/rr.png, id=41, 350.81062pt x 423.8
3344pt>
File: /Users/Usuario/Desktop/Informe/Informe/help/rr.png Graphic file (type png
)
 <use /Users/Usuario/Desktop/Informe/Informe/help/rr.png>
Package pdftex.def Info: /Users/Usuario/Desktop/Informe/Informe/help/rr.png use
d on input line 216.
(pdftex.def)             Requested size: 227.62204pt x 275.00989pt.

Underfull \hbox (badness 10000) in paragraph at lines 220--221

 []


Underfull \hbox (badness 10000) in paragraph at lines 220--221

 []


</Users/Usuario/Desktop/Informe/Informe/help/producto.jpg, id=42, 566.115pt x 3
83.93437pt>
File: /Users/Usuario/Desktop/Informe/Informe/help/producto.jpg Graphic file (ty
pe jpg)
 <use /Users/Usuario/Desktop/Informe/Informe/help/producto.jpg>
Package pdftex.def Info: /Users/Usuario/Desktop/Informe/Informe/help/producto.j
pg used on input line 224.
(pdftex.def)             Requested size: 227.62204pt x 154.36775pt.

[9 </Users/Usuario/Desktop/Informe/Informe/help/rr.png> </Users/Usuario/Desktop
/Informe/Informe/help/producto.jpg>]
Underfull \hbox (badness 10000) in paragraph at lines 230--231

 []


Underfull \hbox (badness 10000) in paragraph at lines 230--231

 []


Underfull \hbox (badness 10000) in paragraph at lines 232--233

 []


Underfull \hbox (badness 10000) in paragraph at lines 232--233

 []


Underfull \hbox (badness 10000) in paragraph at lines 234--235

 []


Underfull \hbox (badness 10000) in paragraph at lines 234--235

 []


</Users/Usuario/Desktop/Informe/Informe/help/registrar.jpg, id=46, 442.65375pt 
x 371.3875pt>
File: /Users/Usuario/Desktop/Informe/Informe/help/registrar.jpg Graphic file (t
ype jpg)
 <use /Users/Usuario/Desktop/Informe/Informe/help/registrar.jpg>
Package pdftex.def Info: /Users/Usuario/Desktop/Informe/Informe/help/registrar.
jpg used on input line 238.
(pdftex.def)             Requested size: 227.62204pt x 190.98051pt.

[10 </Users/Usuario/Desktop/Informe/Informe/help/registrar.jpg>]
</Users/Usuario/Desktop/Informe/Informe/help/pantalla.jpg, id=50, 350.81062pt x
 423.83344pt>
File: /Users/Usuario/Desktop/Informe/Informe/help/pantalla.jpg Graphic file (ty
pe jpg)
 <use /Users/Usuario/Desktop/Informe/Informe/help/pantalla.jpg>
Package pdftex.def Info: /Users/Usuario/Desktop/Informe/Informe/help/pantalla.j
pg used on input line 246.
(pdftex.def)             Requested size: 227.62204pt x 275.00989pt.

Underfull \hbox (badness 10000) in paragraph at lines 250--251

 []


Underfull \hbox (badness 10000) in paragraph at lines 250--251

 []


</Users/Usuario/Desktop/Informe/Informe/help/datos.jpg, id=51, 470.75874pt x 56
5.11125pt>
File: /Users/Usuario/Desktop/Informe/Informe/help/datos.jpg Graphic file (type 
jpg)
 <use /Users/Usuario/Desktop/Informe/Informe/help/datos.jpg>
Package pdftex.def Info: /Users/Usuario/Desktop/Informe/Informe/help/datos.jpg 
used on input line 254.
(pdftex.def)             Requested size: 227.62204pt x 273.2422pt.
 [11 </Users/Usuario/Desktop/Informe/Informe/help/pantalla.jpg>]
Underfull \hbox (badness 10000) in paragraph at lines 258--260

 []


Underfull \hbox (badness 10000) in paragraph at lines 258--260

 []


</Users/Usuario/Desktop/Informe/Informe/help/pregunta.jpg, id=56, 244.66406pt x
 106.89937pt>
File: /Users/Usuario/Desktop/Informe/Informe/help/pregunta.jpg Graphic file (ty
pe jpg)
 <use /Users/Usuario/Desktop/Informe/Informe/help/pregunta.jpg>
Package pdftex.def Info: /Users/Usuario/Desktop/Informe/Informe/help/pregunta.j
pg used on input line 263.
(pdftex.def)             Requested size: 227.62204pt x 99.45615pt.

[12 </Users/Usuario/Desktop/Informe/Informe/help/datos.jpg> </Users/Usuario/Des
ktop/Informe/Informe/help/pregunta.jpg>]
Underfull \hbox (badness 10000) in paragraph at lines 267--269

 []


Underfull \hbox (badness 10000) in paragraph at lines 267--269

 []


</Users/Usuario/Desktop/Informe/Informe/help/exito.jpg, id=60, 245.41687pt x 99
.37125pt>
File: /Users/Usuario/Desktop/Informe/Informe/help/exito.jpg Graphic file (type 
jpg)
 <use /Users/Usuario/Desktop/Informe/Informe/help/exito.jpg>
Package pdftex.def Info: /Users/Usuario/Desktop/Informe/Informe/help/exito.jpg 
used on input line 272.
(pdftex.def)             Requested size: 227.62204pt x 92.16866pt.

Underfull \hbox (badness 10000) in paragraph at lines 276--279

 []


Overfull \hbox (0.82005pt too wide) in paragraph at lines 280--281
[]\OT1/cmr/m/n/14.4 Administracion de usua-rios (ins-ta-la-cion y man-te-ni-m
ien-to de cuen-
 []


Underfull \hbox (badness 10000) in paragraph at lines 285--286

 []

[13 </Users/Usuario/Desktop/Informe/Informe/help/exito.jpg>]
</Users/Usuario/Desktop/Informe/Informe/help/administrador.jpg, id=64, 557.0812
5pt x 404.26031pt>
File: /Users/Usuario/Desktop/Informe/Informe/help/administrador.jpg Graphic fil
e (type jpg)

<use /Users/Usuario/Desktop/Informe/Informe/help/administrador.jpg>
Package pdftex.def Info: /Users/Usuario/Desktop/Informe/Informe/help/administra
dor.jpg used on input line 290.
(pdftex.def)             Requested size: 227.62204pt x 165.17412pt.

Underfull \hbox (badness 10000) in paragraph at lines 294--296

 []


Underfull \hbox (badness 10000) in paragraph at lines 294--296

 []


Underfull \hbox (badness 10000) in paragraph at lines 294--296

 []


</Users/Usuario/Desktop/Informe/Informe/help/clave.jpg, id=65, 331.99031pt x 27
1.76532pt>
File: /Users/Usuario/Desktop/Informe/Informe/help/clave.jpg Graphic file (type 
jpg)
 <use /Users/Usuario/Desktop/Informe/Informe/help/clave.jpg>
Package pdftex.def Info: /Users/Usuario/Desktop/Informe/Informe/help/clave.jpg 
used on input line 299.
(pdftex.def)             Requested size: 227.62204pt x 186.33228pt.
 [14 </Users/Usuario/Desktop/Informe/Informe/help/administrador.jpg> </Users/Us
uario/Desktop/Informe/Informe/help/clave.jpg>]
File: /Users/Usuario/Desktop/Informe/Informe/help/administrador.jpg Graphic fil
e (type jpg)

<use /Users/Usuario/Desktop/Informe/Informe/help/administrador.jpg>
Package pdftex.def Info: /Users/Usuario/Desktop/Informe/Informe/help/administra
dor.jpg used on input line 307.
(pdftex.def)             Requested size: 227.62204pt x 165.17412pt.

Underfull \hbox (badness 10000) in paragraph at lines 311--312

 []


Underfull \hbox (badness 10000) in paragraph at lines 311--312

 []


</Users/Usuario/Desktop/Informe/Informe/help/agregar.jpg, id=69, 684.30656pt x 
524.71031pt>
File: /Users/Usuario/Desktop/Informe/Informe/help/agregar.jpg Graphic file (typ
e jpg)
 <use /Users/Usuario/Desktop/Informe/Informe/help/agregar.jpg>
Package pdftex.def Info: /Users/Usuario/Desktop/Informe/Informe/help/agregar.jp
g used on input line 315.
(pdftex.def)             Requested size: 227.62204pt x 174.53203pt.

[15 </Users/Usuario/Desktop/Informe/Informe/help/agregar.jpg>]
</Users/Usuario/Desktop/Informe/Informe/help/nuevo.jpg, id=73, 204.765pt x 216.
81pt>
File: /Users/Usuario/Desktop/Informe/Informe/help/nuevo.jpg Graphic file (type 
jpg)
 <use /Users/Usuario/Desktop/Informe/Informe/help/nuevo.jpg>
Package pdftex.def Info: /Users/Usuario/Desktop/Informe/Informe/help/nuevo.jpg 
used on input line 323.
(pdftex.def)             Requested size: 227.62204pt x 241.02585pt.

Underfull \hbox (badness 10000) in paragraph at lines 327--328

 []


Underfull \hbox (badness 10000) in paragraph at lines 327--328

 []


</Users/Usuario/Desktop/Informe/Informe/help/agg.jpg, id=74, 259.7203pt x 102.3
825pt>
File: /Users/Usuario/Desktop/Informe/Informe/help/agg.jpg Graphic file (type jp
g)
 <use /Users/Usuario/Desktop/Informe/Informe/help/agg.jpg>
Package pdftex.def Info: /Users/Usuario/Desktop/Informe/Informe/help/agg.jpg us
ed on input line 331.
(pdftex.def)             Requested size: 227.62204pt x 89.72818pt.
 [16 </Users/Usuario/Desktop/Informe/Informe/help/nuevo.jpg> </Users/Usuario/De
sktop/Informe/Informe/help/agg.jpg>]
Underfull \hbox (badness 10000) in paragraph at lines 335--337

 []


Underfull \hbox (badness 10000) in paragraph at lines 335--337

 []


Underfull \hbox (badness 10000) in paragraph at lines 338--339

 []


Underfull \hbox (badness 10000) in paragraph at lines 338--339

 []


Underfull \hbox (badness 10000) in paragraph at lines 339--340

 []


Underfull \hbox (badness 10000) in paragraph at lines 339--340

 []


Underfull \hbox (badness 10000) in paragraph at lines 340--341

 []


Underfull \hbox (badness 10000) in paragraph at lines 340--341

 []

[17]
Underfull \hbox (badness 10000) in paragraph at lines 344--345

 []


Underfull \hbox (badness 10000) in paragraph at lines 344--345

 []


Underfull \hbox (badness 10000) in paragraph at lines 346--347

 []


Underfull \hbox (badness 10000) in paragraph at lines 346--347

 []


Underfull \hbox (badness 10000) in paragraph at lines 347--348

 []


Underfull \hbox (badness 10000) in paragraph at lines 347--348

 []


Underfull \hbox (badness 10000) in paragraph at lines 348--349

 []


Underfull \hbox (badness 10000) in paragraph at lines 348--349

 []

[18] ("Informe terminado.aux"
LaTeX Info: Redefining \. on input line 6.
LaTeX Info: Redefining \% on input line 6.
) ) 
Here is how much of TeX's memory you used:
 3458 strings out of 493334
 48720 string characters out of 3139245
 124132 words of memory out of 3000000
 6935 multiletter control sequences out of 15000+200000
 5456 words of font info for 20 fonts, out of 3000000 for 9000
 1141 hyphenation exceptions out of 8191
 40i,6n,30p,664b,384s stack positions out of 5000i,500n,10000p,200000b,50000s
<C:/Program Files/MiKTeX 2.9/fonts/type1/public/amsfonts/cm/cmbx12.pfb><C:/P
rogram Files/MiKTeX 2.9/fonts/type1/public/amsfonts/cm/cmr12.pfb>
Output written on "Informe terminado.pdf" (20 pages, 2889561 bytes).
PDF statistics:
 93 PDF objects out of 1000 (max. 8388607)
 0 named destinations out of 1000 (max. 500000)
 81 words of extra memory for PDF output out of 10000 (max. 10000000)

